0 info it worked if it ends with ok
1 verbose cli [ '/usr/local/bin/node',
1 verbose cli   '/usr/local/bin/npm',
1 verbose cli   'install',
1 verbose cli   'pixi',
1 verbose cli   '-g' ]
2 info using npm@3.10.10
3 info using node@v6.9.4
4 silly loadCurrentTree Starting
5 silly install loadCurrentTree
6 silly install readGlobalPackageData
7 silly fetchPackageMetaData pixi
8 silly fetchNamedPackageData pixi
9 silly mapToRegistry name pixi
10 silly mapToRegistry using default registry
11 silly mapToRegistry registry https://registry.npmjs.org/
12 silly mapToRegistry data Result {
12 silly mapToRegistry   raw: 'pixi',
12 silly mapToRegistry   scope: null,
12 silly mapToRegistry   escapedName: 'pixi',
12 silly mapToRegistry   name: 'pixi',
12 silly mapToRegistry   rawSpec: '',
12 silly mapToRegistry   spec: 'latest',
12 silly mapToRegistry   type: 'tag' }
13 silly mapToRegistry uri https://registry.npmjs.org/pixi
14 verbose request uri https://registry.npmjs.org/pixi
15 verbose request no auth needed
16 info attempt registry request try #1 at 22:38:58
17 verbose request id 1924fd822517e9d2
18 http request GET https://registry.npmjs.org/pixi
19 http 200 https://registry.npmjs.org/pixi
20 verbose headers { server: 'nginx/1.10.1',
20 verbose headers   'content-type': 'application/json',
20 verbose headers   'last-modified': 'Mon, 24 Aug 2015 16:00:54 GMT',
20 verbose headers   etag: 'W/"55db3fb6-4a16"',
20 verbose headers   'content-encoding': 'gzip',
20 verbose headers   'cache-control': 'max-age=300',
20 verbose headers   'content-length': '4527',
20 verbose headers   'accept-ranges': 'bytes',
20 verbose headers   date: 'Thu, 12 Jan 2017 14:39:00 GMT',
20 verbose headers   via: '1.1 varnish',
20 verbose headers   age: '0',
20 verbose headers   connection: 'keep-alive',
20 verbose headers   'x-served-by': 'cache-sjc3148-SJC',
20 verbose headers   'x-cache': 'MISS',
20 verbose headers   'x-cache-hits': '0',
20 verbose headers   'x-timer': 'S1484231939.869768,VS0,VE140',
20 verbose headers   vary: 'Accept-Encoding' }
21 silly get cb [ 200,
21 silly get   { server: 'nginx/1.10.1',
21 silly get     'content-type': 'application/json',
21 silly get     'last-modified': 'Mon, 24 Aug 2015 16:00:54 GMT',
21 silly get     etag: 'W/"55db3fb6-4a16"',
21 silly get     'content-encoding': 'gzip',
21 silly get     'cache-control': 'max-age=300',
21 silly get     'content-length': '4527',
21 silly get     'accept-ranges': 'bytes',
21 silly get     date: 'Thu, 12 Jan 2017 14:39:00 GMT',
21 silly get     via: '1.1 varnish',
21 silly get     age: '0',
21 silly get     connection: 'keep-alive',
21 silly get     'x-served-by': 'cache-sjc3148-SJC',
21 silly get     'x-cache': 'MISS',
21 silly get     'x-cache-hits': '0',
21 silly get     'x-timer': 'S1484231939.869768,VS0,VE140',
21 silly get     vary: 'Accept-Encoding' } ]
22 verbose get saving pixi to /Users/Apple/.npm/registry.npmjs.org/pixi/.cache.json
23 verbose correctMkdir /Users/Apple/.npm correctMkdir not in flight; initializing
24 silly install normalizeTree
25 silly loadCurrentTree Finishing
26 silly loadIdealTree Starting
27 silly install loadIdealTree
28 silly cloneCurrentTree Starting
29 silly install cloneCurrentTreeToIdealTree
30 silly cloneCurrentTree Finishing
31 silly loadShrinkwrap Starting
32 silly install loadShrinkwrap
33 silly loadShrinkwrap Finishing
34 silly loadAllDepsIntoIdealTree Starting
35 silly install loadAllDepsIntoIdealTree
36 silly resolveWithNewModule pixi@0.3.1 checking installable status
37 silly cache add args [ 'pixi', null ]
38 verbose cache add spec pixi
39 silly cache add parsed spec Result {
39 silly cache add   raw: 'pixi',
39 silly cache add   scope: null,
39 silly cache add   escapedName: 'pixi',
39 silly cache add   name: 'pixi',
39 silly cache add   rawSpec: '',
39 silly cache add   spec: 'latest',
39 silly cache add   type: 'tag' }
40 silly addNamed pixi@latest
41 verbose addNamed "latest" is being treated as a dist-tag for pixi
42 info addNameTag [ 'pixi', 'latest' ]
43 silly mapToRegistry name pixi
44 silly mapToRegistry using default registry
45 silly mapToRegistry registry https://registry.npmjs.org/
46 silly mapToRegistry data Result {
46 silly mapToRegistry   raw: 'pixi',
46 silly mapToRegistry   scope: null,
46 silly mapToRegistry   escapedName: 'pixi',
46 silly mapToRegistry   name: 'pixi',
46 silly mapToRegistry   rawSpec: '',
46 silly mapToRegistry   spec: 'latest',
46 silly mapToRegistry   type: 'tag' }
47 silly mapToRegistry uri https://registry.npmjs.org/pixi
48 verbose addNameTag registry:https://registry.npmjs.org/pixi not in flight; fetching
49 verbose get https://registry.npmjs.org/pixi not expired, no request
50 silly addNameTag next cb for pixi with tag latest
51 silly addNamed pixi@0.3.1
52 verbose addNamed "0.3.1" is a plain semver version for pixi
53 warn deprecated pixi@0.3.1: please use the new pixi.js package instead
54 silly mapToRegistry name pixi
55 silly mapToRegistry using default registry
56 silly mapToRegistry registry https://registry.npmjs.org/
57 silly mapToRegistry data Result {
57 silly mapToRegistry   raw: 'pixi',
57 silly mapToRegistry   scope: null,
57 silly mapToRegistry   escapedName: 'pixi',
57 silly mapToRegistry   name: 'pixi',
57 silly mapToRegistry   rawSpec: '',
57 silly mapToRegistry   spec: 'latest',
57 silly mapToRegistry   type: 'tag' }
58 silly mapToRegistry uri https://registry.npmjs.org/pixi
59 verbose addRemoteTarball https://registry.npmjs.org/pixi/-/pixi-0.3.1.tgz not in flight; adding
60 verbose addRemoteTarball [ 'https://registry.npmjs.org/pixi/-/pixi-0.3.1.tgz',
60 verbose addRemoteTarball   '858cd6164a32a1e4b41192cdf5c6d98209300ba8' ]
61 info retry fetch attempt 1 at 22:39:00
62 info attempt registry request try #1 at 22:39:00
63 http fetch GET https://registry.npmjs.org/pixi/-/pixi-0.3.1.tgz
64 http fetch 200 https://registry.npmjs.org/pixi/-/pixi-0.3.1.tgz
65 silly fetchAndShaCheck shasum 858cd6164a32a1e4b41192cdf5c6d98209300ba8
66 verbose addTmpTarball /var/folders/ph/8zlc0tdx5s78f8fvkjd_8xmm0000gn/T/npm-730-4d7fd673/registry.npmjs.org/pixi/-/pixi-0.3.1.tgz not in flight; adding
67 verbose addTmpTarball already have metadata; skipping unpack for pixi@0.3.1
68 verbose correctMkdir /Users/Apple/.npm correctMkdir not in flight; initializing
69 silly cache afterAdd pixi@0.3.1
70 verbose afterAdd /Users/Apple/.npm/pixi/0.3.1/package/package.json not in flight; writing
71 verbose correctMkdir /Users/Apple/.npm correctMkdir not in flight; initializing
72 verbose afterAdd /Users/Apple/.npm/pixi/0.3.1/package/package.json written
73 silly loadAllDepsIntoIdealTree Finishing
74 silly loadIdealTree Finishing
75 silly currentTree lib
76 silly idealTree lib
76 silly idealTree └── pixi@0.3.1
77 silly generateActionsToTake Starting
78 silly install generateActionsToTake
79 warn checkPermissions Missing write access to /usr/local/lib/node_modules
80 silly rollbackFailedOptional Starting
81 silly rollbackFailedOptional Finishing
82 silly runTopLevelLifecycles Finishing
83 silly install printInstalled
84 verbose stack Error: EACCES: permission denied, access '/usr/local/lib/node_modules'
84 verbose stack     at Error (native)
85 verbose cwd /Users/Apple/GameForTing
86 error Darwin 15.5.0
87 error argv "/usr/local/bin/node" "/usr/local/bin/npm" "install" "pixi" "-g"
88 error node v6.9.4
89 error npm  v3.10.10
90 error path /usr/local/lib/node_modules
91 error code EACCES
92 error errno -13
93 error syscall access
94 error Error: EACCES: permission denied, access '/usr/local/lib/node_modules'
94 error     at Error (native)
94 error  { Error: EACCES: permission denied, access '/usr/local/lib/node_modules'
94 error     at Error (native)
94 error   errno: -13,
94 error   code: 'EACCES',
94 error   syscall: 'access',
94 error   path: '/usr/local/lib/node_modules' }
95 error Please try running this command again as root/Administrator.
96 verbose exit [ -13, true ]
